<?xml version="1.0" encoding="UTF-8"?>
<!-- Generated by org.testng.reporters.JUnitXMLReporter -->
<testsuite hostname="EPBYMINW3264" ignored="0" name="RegressionTests" tests="13" failures="0" timestamp="24 Jun 2020 10:57:59 GMT" time="8.123" errors="0">
  <testcase name="@BeforeClass setUp" time="2.441" classname="pages.basepagesconfiguration.BasePageClass">
    <failure type="org.openqa.selenium.SessionNotCreatedException" message="session not created: This version of ChromeDriver only supports Chrome version 80
Build info: version: &amp;apos;3.141.59&amp;apos;, revision: &amp;apos;e82be7d358&amp;apos;, time: &amp;apos;2018-11-14T08:17:03&amp;apos;
System info: host: &amp;apos;EPBYMINW3264&amp;apos;, ip: &amp;apos;100.64.100.82&amp;apos;, os.name: &amp;apos;Windows 10&amp;apos;, os.arch: &amp;apos;amd64&amp;apos;, os.version: &amp;apos;10.0&amp;apos;, java.version: &amp;apos;1.8.0_201&amp;apos;
Driver info: driver.version: ChromeDriver
remote stacktrace: Backtrace:
	Ordinal0 [0x005D0C83+1707139]
	Ordinal0 [0x005368F1+1075441]
	Ordinal0 [0x004ADFC9+516041]
	Ordinal0 [0x00440554+66900]
	Ordinal0 [0x0043CCE2+52450]
	Ordinal0 [0x0045BFD7+180183]
	Ordinal0 [0x0045BDDD+179677]
	Ordinal0 [0x00459D4B+171339]
	Ordinal0 [0x00441D4A+73034]
	Ordinal0 [0x00442DC0+77248]
	Ordinal0 [0x00442D59+77145]
	Ordinal0 [0x0054BB67+1162087]
	GetHandleVerifier [0x0066A966+508998]
	GetHandleVerifier [0x0066A6A4+508292]
	GetHandleVerifier [0x0067F7B7+594583]
	GetHandleVerifier [0x0066B1D6+511158]
	Ordinal0 [0x0054402C+1130540]
	Ordinal0 [0x0054D4CB+1168587]
	Ordinal0 [0x0054D633+1168947]
	Ordinal0 [0x00565B35+1268533]
	BaseThreadInitThunk [0x76026359+25]
	RtlGetAppContainerNamedObjectPath [0x77BB7C24+228]
	RtlGetAppContainerNamedObjectPath [0x77BB7BF4+180]
">
      <![CDATA[org.openqa.selenium.SessionNotCreatedException: session not created: This version of ChromeDriver only supports Chrome version 80
Build info: version: '3.141.59', revision: 'e82be7d358', time: '2018-11-14T08:17:03'
System info: host: 'EPBYMINW3264', ip: '100.64.100.82', os.name: 'Windows 10', os.arch: 'amd64', os.version: '10.0', java.version: '1.8.0_201'
Driver info: driver.version: ChromeDriver
remote stacktrace: Backtrace:
Ordinal0 [0x005D0C83+1707139]
Ordinal0 [0x005368F1+1075441]
Ordinal0 [0x004ADFC9+516041]
Ordinal0 [0x00440554+66900]
Ordinal0 [0x0043CCE2+52450]
Ordinal0 [0x0045BFD7+180183]
Ordinal0 [0x0045BDDD+179677]
Ordinal0 [0x00459D4B+171339]
Ordinal0 [0x00441D4A+73034]
Ordinal0 [0x00442DC0+77248]
Ordinal0 [0x00442D59+77145]
Ordinal0 [0x0054BB67+1162087]
GetHandleVerifier [0x0066A966+508998]
GetHandleVerifier [0x0066A6A4+508292]
GetHandleVerifier [0x0067F7B7+594583]
GetHandleVerifier [0x0066B1D6+511158]
Ordinal0 [0x0054402C+1130540]
Ordinal0 [0x0054D4CB+1168587]
Ordinal0 [0x0054D633+1168947]
Ordinal0 [0x00565B35+1268533]
BaseThreadInitThunk [0x76026359+25]
RtlGetAppContainerNamedObjectPath [0x77BB7C24+228]
RtlGetAppContainerNamedObjectPath [0x77BB7BF4+180]

at org.openqa.selenium.remote.W3CHandshakeResponse.lambda$errorHandler$0(W3CHandshakeResponse.java:62)
at org.openqa.selenium.remote.HandshakeResponse.lambda$getResponseFunction$0(HandshakeResponse.java:30)
at org.openqa.selenium.remote.ProtocolHandshake.lambda$createSession$0(ProtocolHandshake.java:126)
at java.util.stream.ReferencePipeline$3$1.accept(ReferencePipeline.java:193)
at java.util.Spliterators$ArraySpliterator.tryAdvance(Spliterators.java:958)
at java.util.stream.ReferencePipeline.forEachWithCancel(ReferencePipeline.java:126)
at java.util.stream.AbstractPipeline.copyIntoWithCancel(AbstractPipeline.java:498)
at java.util.stream.AbstractPipeline.copyInto(AbstractPipeline.java:485)
at java.util.stream.AbstractPipeline.wrapAndCopyInto(AbstractPipeline.java:471)
at java.util.stream.FindOps$FindOp.evaluateSequential(FindOps.java:152)
at java.util.stream.AbstractPipeline.evaluate(AbstractPipeline.java:234)
at java.util.stream.ReferencePipeline.findFirst(ReferencePipeline.java:464)
at org.openqa.selenium.remote.ProtocolHandshake.createSession(ProtocolHandshake.java:128)
at org.openqa.selenium.remote.ProtocolHandshake.createSession(ProtocolHandshake.java:74)
at org.openqa.selenium.remote.HttpCommandExecutor.execute(HttpCommandExecutor.java:136)
at org.openqa.selenium.remote.service.DriverCommandExecutor.execute(DriverCommandExecutor.java:83)
at org.openqa.selenium.remote.RemoteWebDriver.execute(RemoteWebDriver.java:552)
at org.openqa.selenium.remote.RemoteWebDriver.startSession(RemoteWebDriver.java:213)
at org.openqa.selenium.remote.RemoteWebDriver.<init>(RemoteWebDriver.java:131)
at org.openqa.selenium.chrome.ChromeDriver.<init>(ChromeDriver.java:181)
at org.openqa.selenium.chrome.ChromeDriver.<init>(ChromeDriver.java:168)
at org.openqa.selenium.chrome.ChromeDriver.<init>(ChromeDriver.java:123)
at pages.basepagesconfiguration.BasePageClass.initializeDriver(BasePageClass.java:42)
at pages.basepagesconfiguration.BasePageClass.setUp(BasePageClass.java:56)
at java.util.concurrent.FutureTask.run(FutureTask.java:266)
at java.util.concurrent.ThreadPoolExecutor.runWorker(ThreadPoolExecutor.java:1149)
at java.util.concurrent.ThreadPoolExecutor$Worker.run(ThreadPoolExecutor.java:624)
at java.lang.Thread.run(Thread.java:748)
... Removed 21 stack frames]]>
    </failure>
  </testcase> <!-- @BeforeClass setUp -->
  <testcase name="@AfterClass closeDown" time="0.0" classname="pages.basepagesconfiguration.BasePageClass">
    <skipped/>
  </testcase> <!-- @AfterClass closeDown -->
  <testcase name="@BeforeClass setUp" time="1.349" classname="pages.basepagesconfiguration.BasePageClass">
    <failure type="org.openqa.selenium.SessionNotCreatedException" message="session not created: This version of ChromeDriver only supports Chrome version 80
Build info: version: &amp;apos;3.141.59&amp;apos;, revision: &amp;apos;e82be7d358&amp;apos;, time: &amp;apos;2018-11-14T08:17:03&amp;apos;
System info: host: &amp;apos;EPBYMINW3264&amp;apos;, ip: &amp;apos;100.64.100.82&amp;apos;, os.name: &amp;apos;Windows 10&amp;apos;, os.arch: &amp;apos;amd64&amp;apos;, os.version: &amp;apos;10.0&amp;apos;, java.version: &amp;apos;1.8.0_201&amp;apos;
Driver info: driver.version: ChromeDriver
remote stacktrace: Backtrace:
	Ordinal0 [0x005D0C83+1707139]
	Ordinal0 [0x005368F1+1075441]
	Ordinal0 [0x004ADFC9+516041]
	Ordinal0 [0x00440554+66900]
	Ordinal0 [0x0043CCE2+52450]
	Ordinal0 [0x0045BFD7+180183]
	Ordinal0 [0x0045BDDD+179677]
	Ordinal0 [0x00459D4B+171339]
	Ordinal0 [0x00441D4A+73034]
	Ordinal0 [0x00442DC0+77248]
	Ordinal0 [0x00442D59+77145]
	Ordinal0 [0x0054BB67+1162087]
	GetHandleVerifier [0x0066A966+508998]
	GetHandleVerifier [0x0066A6A4+508292]
	GetHandleVerifier [0x0067F7B7+594583]
	GetHandleVerifier [0x0066B1D6+511158]
	Ordinal0 [0x0054402C+1130540]
	Ordinal0 [0x0054D4CB+1168587]
	Ordinal0 [0x0054D633+1168947]
	Ordinal0 [0x00565B35+1268533]
	BaseThreadInitThunk [0x76026359+25]
	RtlGetAppContainerNamedObjectPath [0x77BB7C24+228]
	RtlGetAppContainerNamedObjectPath [0x77BB7BF4+180]
">
      <![CDATA[org.openqa.selenium.SessionNotCreatedException: session not created: This version of ChromeDriver only supports Chrome version 80
Build info: version: '3.141.59', revision: 'e82be7d358', time: '2018-11-14T08:17:03'
System info: host: 'EPBYMINW3264', ip: '100.64.100.82', os.name: 'Windows 10', os.arch: 'amd64', os.version: '10.0', java.version: '1.8.0_201'
Driver info: driver.version: ChromeDriver
remote stacktrace: Backtrace:
Ordinal0 [0x005D0C83+1707139]
Ordinal0 [0x005368F1+1075441]
Ordinal0 [0x004ADFC9+516041]
Ordinal0 [0x00440554+66900]
Ordinal0 [0x0043CCE2+52450]
Ordinal0 [0x0045BFD7+180183]
Ordinal0 [0x0045BDDD+179677]
Ordinal0 [0x00459D4B+171339]
Ordinal0 [0x00441D4A+73034]
Ordinal0 [0x00442DC0+77248]
Ordinal0 [0x00442D59+77145]
Ordinal0 [0x0054BB67+1162087]
GetHandleVerifier [0x0066A966+508998]
GetHandleVerifier [0x0066A6A4+508292]
GetHandleVerifier [0x0067F7B7+594583]
GetHandleVerifier [0x0066B1D6+511158]
Ordinal0 [0x0054402C+1130540]
Ordinal0 [0x0054D4CB+1168587]
Ordinal0 [0x0054D633+1168947]
Ordinal0 [0x00565B35+1268533]
BaseThreadInitThunk [0x76026359+25]
RtlGetAppContainerNamedObjectPath [0x77BB7C24+228]
RtlGetAppContainerNamedObjectPath [0x77BB7BF4+180]

at org.openqa.selenium.remote.W3CHandshakeResponse.lambda$errorHandler$0(W3CHandshakeResponse.java:62)
at org.openqa.selenium.remote.HandshakeResponse.lambda$getResponseFunction$0(HandshakeResponse.java:30)
at org.openqa.selenium.remote.ProtocolHandshake.lambda$createSession$0(ProtocolHandshake.java:126)
at java.util.stream.ReferencePipeline$3$1.accept(ReferencePipeline.java:193)
at java.util.Spliterators$ArraySpliterator.tryAdvance(Spliterators.java:958)
at java.util.stream.ReferencePipeline.forEachWithCancel(ReferencePipeline.java:126)
at java.util.stream.AbstractPipeline.copyIntoWithCancel(AbstractPipeline.java:498)
at java.util.stream.AbstractPipeline.copyInto(AbstractPipeline.java:485)
at java.util.stream.AbstractPipeline.wrapAndCopyInto(AbstractPipeline.java:471)
at java.util.stream.FindOps$FindOp.evaluateSequential(FindOps.java:152)
at java.util.stream.AbstractPipeline.evaluate(AbstractPipeline.java:234)
at java.util.stream.ReferencePipeline.findFirst(ReferencePipeline.java:464)
at org.openqa.selenium.remote.ProtocolHandshake.createSession(ProtocolHandshake.java:128)
at org.openqa.selenium.remote.ProtocolHandshake.createSession(ProtocolHandshake.java:74)
at org.openqa.selenium.remote.HttpCommandExecutor.execute(HttpCommandExecutor.java:136)
at org.openqa.selenium.remote.service.DriverCommandExecutor.execute(DriverCommandExecutor.java:83)
at org.openqa.selenium.remote.RemoteWebDriver.execute(RemoteWebDriver.java:552)
at org.openqa.selenium.remote.RemoteWebDriver.startSession(RemoteWebDriver.java:213)
at org.openqa.selenium.remote.RemoteWebDriver.<init>(RemoteWebDriver.java:131)
at org.openqa.selenium.chrome.ChromeDriver.<init>(ChromeDriver.java:181)
at org.openqa.selenium.chrome.ChromeDriver.<init>(ChromeDriver.java:168)
at org.openqa.selenium.chrome.ChromeDriver.<init>(ChromeDriver.java:123)
at pages.basepagesconfiguration.BasePageClass.initializeDriver(BasePageClass.java:42)
at pages.basepagesconfiguration.BasePageClass.setUp(BasePageClass.java:56)
at java.util.concurrent.FutureTask.run(FutureTask.java:266)
at java.util.concurrent.ThreadPoolExecutor.runWorker(ThreadPoolExecutor.java:1149)
at java.util.concurrent.ThreadPoolExecutor$Worker.run(ThreadPoolExecutor.java:624)
at java.lang.Thread.run(Thread.java:748)
... Removed 21 stack frames]]>
    </failure>
  </testcase> <!-- @BeforeClass setUp -->
  <testcase name="@AfterClass closeDown" time="0.0" classname="pages.basepagesconfiguration.BasePageClass">
    <skipped/>
  </testcase> <!-- @AfterClass closeDown -->
  <testcase name="@BeforeClass setUp" time="1.266" classname="pages.basepagesconfiguration.BasePageClass">
    <failure type="org.openqa.selenium.SessionNotCreatedException" message="session not created: This version of ChromeDriver only supports Chrome version 80
Build info: version: &amp;apos;3.141.59&amp;apos;, revision: &amp;apos;e82be7d358&amp;apos;, time: &amp;apos;2018-11-14T08:17:03&amp;apos;
System info: host: &amp;apos;EPBYMINW3264&amp;apos;, ip: &amp;apos;100.64.100.82&amp;apos;, os.name: &amp;apos;Windows 10&amp;apos;, os.arch: &amp;apos;amd64&amp;apos;, os.version: &amp;apos;10.0&amp;apos;, java.version: &amp;apos;1.8.0_201&amp;apos;
Driver info: driver.version: ChromeDriver
remote stacktrace: Backtrace:
	Ordinal0 [0x005D0C83+1707139]
	Ordinal0 [0x005368F1+1075441]
	Ordinal0 [0x004ADFC9+516041]
	Ordinal0 [0x00440554+66900]
	Ordinal0 [0x0043CCE2+52450]
	Ordinal0 [0x0045BFD7+180183]
	Ordinal0 [0x0045BDDD+179677]
	Ordinal0 [0x00459D4B+171339]
	Ordinal0 [0x00441D4A+73034]
	Ordinal0 [0x00442DC0+77248]
	Ordinal0 [0x00442D59+77145]
	Ordinal0 [0x0054BB67+1162087]
	GetHandleVerifier [0x0066A966+508998]
	GetHandleVerifier [0x0066A6A4+508292]
	GetHandleVerifier [0x0067F7B7+594583]
	GetHandleVerifier [0x0066B1D6+511158]
	Ordinal0 [0x0054402C+1130540]
	Ordinal0 [0x0054D4CB+1168587]
	Ordinal0 [0x0054D633+1168947]
	Ordinal0 [0x00565B35+1268533]
	BaseThreadInitThunk [0x76026359+25]
	RtlGetAppContainerNamedObjectPath [0x77BB7C24+228]
	RtlGetAppContainerNamedObjectPath [0x77BB7BF4+180]
">
      <![CDATA[org.openqa.selenium.SessionNotCreatedException: session not created: This version of ChromeDriver only supports Chrome version 80
Build info: version: '3.141.59', revision: 'e82be7d358', time: '2018-11-14T08:17:03'
System info: host: 'EPBYMINW3264', ip: '100.64.100.82', os.name: 'Windows 10', os.arch: 'amd64', os.version: '10.0', java.version: '1.8.0_201'
Driver info: driver.version: ChromeDriver
remote stacktrace: Backtrace:
Ordinal0 [0x005D0C83+1707139]
Ordinal0 [0x005368F1+1075441]
Ordinal0 [0x004ADFC9+516041]
Ordinal0 [0x00440554+66900]
Ordinal0 [0x0043CCE2+52450]
Ordinal0 [0x0045BFD7+180183]
Ordinal0 [0x0045BDDD+179677]
Ordinal0 [0x00459D4B+171339]
Ordinal0 [0x00441D4A+73034]
Ordinal0 [0x00442DC0+77248]
Ordinal0 [0x00442D59+77145]
Ordinal0 [0x0054BB67+1162087]
GetHandleVerifier [0x0066A966+508998]
GetHandleVerifier [0x0066A6A4+508292]
GetHandleVerifier [0x0067F7B7+594583]
GetHandleVerifier [0x0066B1D6+511158]
Ordinal0 [0x0054402C+1130540]
Ordinal0 [0x0054D4CB+1168587]
Ordinal0 [0x0054D633+1168947]
Ordinal0 [0x00565B35+1268533]
BaseThreadInitThunk [0x76026359+25]
RtlGetAppContainerNamedObjectPath [0x77BB7C24+228]
RtlGetAppContainerNamedObjectPath [0x77BB7BF4+180]

at org.openqa.selenium.remote.W3CHandshakeResponse.lambda$errorHandler$0(W3CHandshakeResponse.java:62)
at org.openqa.selenium.remote.HandshakeResponse.lambda$getResponseFunction$0(HandshakeResponse.java:30)
at org.openqa.selenium.remote.ProtocolHandshake.lambda$createSession$0(ProtocolHandshake.java:126)
at java.util.stream.ReferencePipeline$3$1.accept(ReferencePipeline.java:193)
at java.util.Spliterators$ArraySpliterator.tryAdvance(Spliterators.java:958)
at java.util.stream.ReferencePipeline.forEachWithCancel(ReferencePipeline.java:126)
at java.util.stream.AbstractPipeline.copyIntoWithCancel(AbstractPipeline.java:498)
at java.util.stream.AbstractPipeline.copyInto(AbstractPipeline.java:485)
at java.util.stream.AbstractPipeline.wrapAndCopyInto(AbstractPipeline.java:471)
at java.util.stream.FindOps$FindOp.evaluateSequential(FindOps.java:152)
at java.util.stream.AbstractPipeline.evaluate(AbstractPipeline.java:234)
at java.util.stream.ReferencePipeline.findFirst(ReferencePipeline.java:464)
at org.openqa.selenium.remote.ProtocolHandshake.createSession(ProtocolHandshake.java:128)
at org.openqa.selenium.remote.ProtocolHandshake.createSession(ProtocolHandshake.java:74)
at org.openqa.selenium.remote.HttpCommandExecutor.execute(HttpCommandExecutor.java:136)
at org.openqa.selenium.remote.service.DriverCommandExecutor.execute(DriverCommandExecutor.java:83)
at org.openqa.selenium.remote.RemoteWebDriver.execute(RemoteWebDriver.java:552)
at org.openqa.selenium.remote.RemoteWebDriver.startSession(RemoteWebDriver.java:213)
at org.openqa.selenium.remote.RemoteWebDriver.<init>(RemoteWebDriver.java:131)
at org.openqa.selenium.chrome.ChromeDriver.<init>(ChromeDriver.java:181)
at org.openqa.selenium.chrome.ChromeDriver.<init>(ChromeDriver.java:168)
at org.openqa.selenium.chrome.ChromeDriver.<init>(ChromeDriver.java:123)
at pages.basepagesconfiguration.BasePageClass.initializeDriver(BasePageClass.java:42)
at pages.basepagesconfiguration.BasePageClass.setUp(BasePageClass.java:56)
at java.util.concurrent.FutureTask.run(FutureTask.java:266)
at java.util.concurrent.ThreadPoolExecutor.runWorker(ThreadPoolExecutor.java:1149)
at java.util.concurrent.ThreadPoolExecutor$Worker.run(ThreadPoolExecutor.java:624)
at java.lang.Thread.run(Thread.java:748)
... Removed 21 stack frames]]>
    </failure>
  </testcase> <!-- @BeforeClass setUp -->
  <testcase name="@AfterClass closeDown" time="0.0" classname="pages.basepagesconfiguration.BasePageClass">
    <skipped/>
  </testcase> <!-- @AfterClass closeDown -->
  <testcase name="@BeforeClass setUp" time="1.602" classname="pages.basepagesconfiguration.BasePageClass">
    <failure type="org.openqa.selenium.SessionNotCreatedException" message="session not created: This version of ChromeDriver only supports Chrome version 80
Build info: version: &amp;apos;3.141.59&amp;apos;, revision: &amp;apos;e82be7d358&amp;apos;, time: &amp;apos;2018-11-14T08:17:03&amp;apos;
System info: host: &amp;apos;EPBYMINW3264&amp;apos;, ip: &amp;apos;100.64.100.82&amp;apos;, os.name: &amp;apos;Windows 10&amp;apos;, os.arch: &amp;apos;amd64&amp;apos;, os.version: &amp;apos;10.0&amp;apos;, java.version: &amp;apos;1.8.0_201&amp;apos;
Driver info: driver.version: ChromeDriver
remote stacktrace: Backtrace:
	Ordinal0 [0x005D0C83+1707139]
	Ordinal0 [0x005368F1+1075441]
	Ordinal0 [0x004ADFC9+516041]
	Ordinal0 [0x00440554+66900]
	Ordinal0 [0x0043CCE2+52450]
	Ordinal0 [0x0045BFD7+180183]
	Ordinal0 [0x0045BDDD+179677]
	Ordinal0 [0x00459D4B+171339]
	Ordinal0 [0x00441D4A+73034]
	Ordinal0 [0x00442DC0+77248]
	Ordinal0 [0x00442D59+77145]
	Ordinal0 [0x0054BB67+1162087]
	GetHandleVerifier [0x0066A966+508998]
	GetHandleVerifier [0x0066A6A4+508292]
	GetHandleVerifier [0x0067F7B7+594583]
	GetHandleVerifier [0x0066B1D6+511158]
	Ordinal0 [0x0054402C+1130540]
	Ordinal0 [0x0054D4CB+1168587]
	Ordinal0 [0x0054D633+1168947]
	Ordinal0 [0x00565B35+1268533]
	BaseThreadInitThunk [0x76026359+25]
	RtlGetAppContainerNamedObjectPath [0x77BB7C24+228]
	RtlGetAppContainerNamedObjectPath [0x77BB7BF4+180]
">
      <![CDATA[org.openqa.selenium.SessionNotCreatedException: session not created: This version of ChromeDriver only supports Chrome version 80
Build info: version: '3.141.59', revision: 'e82be7d358', time: '2018-11-14T08:17:03'
System info: host: 'EPBYMINW3264', ip: '100.64.100.82', os.name: 'Windows 10', os.arch: 'amd64', os.version: '10.0', java.version: '1.8.0_201'
Driver info: driver.version: ChromeDriver
remote stacktrace: Backtrace:
Ordinal0 [0x005D0C83+1707139]
Ordinal0 [0x005368F1+1075441]
Ordinal0 [0x004ADFC9+516041]
Ordinal0 [0x00440554+66900]
Ordinal0 [0x0043CCE2+52450]
Ordinal0 [0x0045BFD7+180183]
Ordinal0 [0x0045BDDD+179677]
Ordinal0 [0x00459D4B+171339]
Ordinal0 [0x00441D4A+73034]
Ordinal0 [0x00442DC0+77248]
Ordinal0 [0x00442D59+77145]
Ordinal0 [0x0054BB67+1162087]
GetHandleVerifier [0x0066A966+508998]
GetHandleVerifier [0x0066A6A4+508292]
GetHandleVerifier [0x0067F7B7+594583]
GetHandleVerifier [0x0066B1D6+511158]
Ordinal0 [0x0054402C+1130540]
Ordinal0 [0x0054D4CB+1168587]
Ordinal0 [0x0054D633+1168947]
Ordinal0 [0x00565B35+1268533]
BaseThreadInitThunk [0x76026359+25]
RtlGetAppContainerNamedObjectPath [0x77BB7C24+228]
RtlGetAppContainerNamedObjectPath [0x77BB7BF4+180]

at org.openqa.selenium.remote.W3CHandshakeResponse.lambda$errorHandler$0(W3CHandshakeResponse.java:62)
at org.openqa.selenium.remote.HandshakeResponse.lambda$getResponseFunction$0(HandshakeResponse.java:30)
at org.openqa.selenium.remote.ProtocolHandshake.lambda$createSession$0(ProtocolHandshake.java:126)
at java.util.stream.ReferencePipeline$3$1.accept(ReferencePipeline.java:193)
at java.util.Spliterators$ArraySpliterator.tryAdvance(Spliterators.java:958)
at java.util.stream.ReferencePipeline.forEachWithCancel(ReferencePipeline.java:126)
at java.util.stream.AbstractPipeline.copyIntoWithCancel(AbstractPipeline.java:498)
at java.util.stream.AbstractPipeline.copyInto(AbstractPipeline.java:485)
at java.util.stream.AbstractPipeline.wrapAndCopyInto(AbstractPipeline.java:471)
at java.util.stream.FindOps$FindOp.evaluateSequential(FindOps.java:152)
at java.util.stream.AbstractPipeline.evaluate(AbstractPipeline.java:234)
at java.util.stream.ReferencePipeline.findFirst(ReferencePipeline.java:464)
at org.openqa.selenium.remote.ProtocolHandshake.createSession(ProtocolHandshake.java:128)
at org.openqa.selenium.remote.ProtocolHandshake.createSession(ProtocolHandshake.java:74)
at org.openqa.selenium.remote.HttpCommandExecutor.execute(HttpCommandExecutor.java:136)
at org.openqa.selenium.remote.service.DriverCommandExecutor.execute(DriverCommandExecutor.java:83)
at org.openqa.selenium.remote.RemoteWebDriver.execute(RemoteWebDriver.java:552)
at org.openqa.selenium.remote.RemoteWebDriver.startSession(RemoteWebDriver.java:213)
at org.openqa.selenium.remote.RemoteWebDriver.<init>(RemoteWebDriver.java:131)
at org.openqa.selenium.chrome.ChromeDriver.<init>(ChromeDriver.java:181)
at org.openqa.selenium.chrome.ChromeDriver.<init>(ChromeDriver.java:168)
at org.openqa.selenium.chrome.ChromeDriver.<init>(ChromeDriver.java:123)
at pages.basepagesconfiguration.BasePageClass.initializeDriver(BasePageClass.java:42)
at pages.basepagesconfiguration.BasePageClass.setUp(BasePageClass.java:56)
at java.util.concurrent.FutureTask.run(FutureTask.java:266)
at java.util.concurrent.ThreadPoolExecutor.runWorker(ThreadPoolExecutor.java:1149)
at java.util.concurrent.ThreadPoolExecutor$Worker.run(ThreadPoolExecutor.java:624)
at java.lang.Thread.run(Thread.java:748)
... Removed 21 stack frames]]>
    </failure>
  </testcase> <!-- @BeforeClass setUp -->
  <testcase name="@AfterClass closeDown" time="0.0" classname="pages.basepagesconfiguration.BasePageClass">
    <skipped/>
  </testcase> <!-- @AfterClass closeDown -->
  <testcase name="@BeforeClass setUp" time="1.433" classname="pages.basepagesconfiguration.BasePageClass">
    <failure type="org.openqa.selenium.SessionNotCreatedException" message="session not created: This version of ChromeDriver only supports Chrome version 80
Build info: version: &amp;apos;3.141.59&amp;apos;, revision: &amp;apos;e82be7d358&amp;apos;, time: &amp;apos;2018-11-14T08:17:03&amp;apos;
System info: host: &amp;apos;EPBYMINW3264&amp;apos;, ip: &amp;apos;100.64.100.82&amp;apos;, os.name: &amp;apos;Windows 10&amp;apos;, os.arch: &amp;apos;amd64&amp;apos;, os.version: &amp;apos;10.0&amp;apos;, java.version: &amp;apos;1.8.0_201&amp;apos;
Driver info: driver.version: ChromeDriver
remote stacktrace: Backtrace:
	Ordinal0 [0x005D0C83+1707139]
	Ordinal0 [0x005368F1+1075441]
	Ordinal0 [0x004ADFC9+516041]
	Ordinal0 [0x00440554+66900]
	Ordinal0 [0x0043CCE2+52450]
	Ordinal0 [0x0045BFD7+180183]
	Ordinal0 [0x0045BDDD+179677]
	Ordinal0 [0x00459D4B+171339]
	Ordinal0 [0x00441D4A+73034]
	Ordinal0 [0x00442DC0+77248]
	Ordinal0 [0x00442D59+77145]
	Ordinal0 [0x0054BB67+1162087]
	GetHandleVerifier [0x0066A966+508998]
	GetHandleVerifier [0x0066A6A4+508292]
	GetHandleVerifier [0x0067F7B7+594583]
	GetHandleVerifier [0x0066B1D6+511158]
	Ordinal0 [0x0054402C+1130540]
	Ordinal0 [0x0054D4CB+1168587]
	Ordinal0 [0x0054D633+1168947]
	Ordinal0 [0x00565B35+1268533]
	BaseThreadInitThunk [0x76026359+25]
	RtlGetAppContainerNamedObjectPath [0x77BB7C24+228]
	RtlGetAppContainerNamedObjectPath [0x77BB7BF4+180]
">
      <![CDATA[org.openqa.selenium.SessionNotCreatedException: session not created: This version of ChromeDriver only supports Chrome version 80
Build info: version: '3.141.59', revision: 'e82be7d358', time: '2018-11-14T08:17:03'
System info: host: 'EPBYMINW3264', ip: '100.64.100.82', os.name: 'Windows 10', os.arch: 'amd64', os.version: '10.0', java.version: '1.8.0_201'
Driver info: driver.version: ChromeDriver
remote stacktrace: Backtrace:
Ordinal0 [0x005D0C83+1707139]
Ordinal0 [0x005368F1+1075441]
Ordinal0 [0x004ADFC9+516041]
Ordinal0 [0x00440554+66900]
Ordinal0 [0x0043CCE2+52450]
Ordinal0 [0x0045BFD7+180183]
Ordinal0 [0x0045BDDD+179677]
Ordinal0 [0x00459D4B+171339]
Ordinal0 [0x00441D4A+73034]
Ordinal0 [0x00442DC0+77248]
Ordinal0 [0x00442D59+77145]
Ordinal0 [0x0054BB67+1162087]
GetHandleVerifier [0x0066A966+508998]
GetHandleVerifier [0x0066A6A4+508292]
GetHandleVerifier [0x0067F7B7+594583]
GetHandleVerifier [0x0066B1D6+511158]
Ordinal0 [0x0054402C+1130540]
Ordinal0 [0x0054D4CB+1168587]
Ordinal0 [0x0054D633+1168947]
Ordinal0 [0x00565B35+1268533]
BaseThreadInitThunk [0x76026359+25]
RtlGetAppContainerNamedObjectPath [0x77BB7C24+228]
RtlGetAppContainerNamedObjectPath [0x77BB7BF4+180]

at org.openqa.selenium.remote.W3CHandshakeResponse.lambda$errorHandler$0(W3CHandshakeResponse.java:62)
at org.openqa.selenium.remote.HandshakeResponse.lambda$getResponseFunction$0(HandshakeResponse.java:30)
at org.openqa.selenium.remote.ProtocolHandshake.lambda$createSession$0(ProtocolHandshake.java:126)
at java.util.stream.ReferencePipeline$3$1.accept(ReferencePipeline.java:193)
at java.util.Spliterators$ArraySpliterator.tryAdvance(Spliterators.java:958)
at java.util.stream.ReferencePipeline.forEachWithCancel(ReferencePipeline.java:126)
at java.util.stream.AbstractPipeline.copyIntoWithCancel(AbstractPipeline.java:498)
at java.util.stream.AbstractPipeline.copyInto(AbstractPipeline.java:485)
at java.util.stream.AbstractPipeline.wrapAndCopyInto(AbstractPipeline.java:471)
at java.util.stream.FindOps$FindOp.evaluateSequential(FindOps.java:152)
at java.util.stream.AbstractPipeline.evaluate(AbstractPipeline.java:234)
at java.util.stream.ReferencePipeline.findFirst(ReferencePipeline.java:464)
at org.openqa.selenium.remote.ProtocolHandshake.createSession(ProtocolHandshake.java:128)
at org.openqa.selenium.remote.ProtocolHandshake.createSession(ProtocolHandshake.java:74)
at org.openqa.selenium.remote.HttpCommandExecutor.execute(HttpCommandExecutor.java:136)
at org.openqa.selenium.remote.service.DriverCommandExecutor.execute(DriverCommandExecutor.java:83)
at org.openqa.selenium.remote.RemoteWebDriver.execute(RemoteWebDriver.java:552)
at org.openqa.selenium.remote.RemoteWebDriver.startSession(RemoteWebDriver.java:213)
at org.openqa.selenium.remote.RemoteWebDriver.<init>(RemoteWebDriver.java:131)
at org.openqa.selenium.chrome.ChromeDriver.<init>(ChromeDriver.java:181)
at org.openqa.selenium.chrome.ChromeDriver.<init>(ChromeDriver.java:168)
at org.openqa.selenium.chrome.ChromeDriver.<init>(ChromeDriver.java:123)
at pages.basepagesconfiguration.BasePageClass.initializeDriver(BasePageClass.java:42)
at pages.basepagesconfiguration.BasePageClass.setUp(BasePageClass.java:56)
at java.util.concurrent.FutureTask.run(FutureTask.java:266)
at java.util.concurrent.ThreadPoolExecutor.runWorker(ThreadPoolExecutor.java:1149)
at java.util.concurrent.ThreadPoolExecutor$Worker.run(ThreadPoolExecutor.java:624)
at java.lang.Thread.run(Thread.java:748)
... Removed 21 stack frames]]>
    </failure>
  </testcase> <!-- @BeforeClass setUp -->
  <testcase name="@AfterClass closeDown" time="0.0" classname="pages.basepagesconfiguration.BasePageClass">
    <skipped/>
  </testcase> <!-- @AfterClass closeDown -->
  <testcase name="testLoginOption" time="0.0" classname="tests.VerifyLoginFunctionality">
    <skipped/>
  </testcase> <!-- testLoginOption -->
  <testcase name="testAdditionProductToCard" time="0.0" classname="tests.VerifyProductIsAddedToCard">
    <skipped/>
  </testcase> <!-- testAdditionProductToCard -->
  <testcase name="testProductAdditionToTheList" time="0.0" classname="tests.VerifyProductAdditionToComparasionList">
    <skipped/>
  </testcase> <!-- testProductAdditionToTheList -->
  <testcase name="testBasketPageIsDisplayed" time="0.0" classname="tests.VerifyHeaderButtonsAreClickable">
    <skipped/>
  </testcase> <!-- testBasketPageIsDisplayed -->
  <testcase name="testBookmarksPageIsDisplayed" time="0.0" classname="tests.VerifyHeaderButtonsAreClickable">
    <skipped/>
  </testcase> <!-- testBookmarksPageIsDisplayed -->
  <testcase name="testComparasionListPageIsDisplayed" time="0.0" classname="tests.VerifyHeaderButtonsAreClickable">
    <skipped/>
  </testcase> <!-- testComparasionListPageIsDisplayed -->
  <testcase name="testDeliveryPageIsDisplayed" time="0.0" classname="tests.VerifyHeaderButtonsAreClickable">
    <skipped/>
  </testcase> <!-- testDeliveryPageIsDisplayed -->
  <testcase name="testDiscountSystemPageIsDisplayed" time="0.0" classname="tests.VerifyHeaderButtonsAreClickable">
    <skipped/>
  </testcase> <!-- testDiscountSystemPageIsDisplayed -->
  <testcase name="testLoginWindowIsDisplayed" time="0.0" classname="tests.VerifyHeaderButtonsAreClickable">
    <skipped/>
  </testcase> <!-- testLoginWindowIsDisplayed -->
  <testcase name="testPaymentPageIsDisplayed" time="0.001" classname="tests.VerifyHeaderButtonsAreClickable">
    <skipped/>
  </testcase> <!-- testPaymentPageIsDisplayed -->
  <testcase name="testWarrantyPageIsDisplayed" time="0.0" classname="tests.VerifyHeaderButtonsAreClickable">
    <skipped/>
  </testcase> <!-- testWarrantyPageIsDisplayed -->
  <testcase name="testWishListPageIsDisplayed" time="0.0" classname="tests.VerifyHeaderButtonsAreClickable">
    <skipped/>
  </testcase> <!-- testWishListPageIsDisplayed -->
  <testcase name="testChooseProductFromCatalog" time="0.0" classname="tests.VerifyProductsCatalogOptions">
    <skipped/>
  </testcase> <!-- testChooseProductFromCatalog -->
</testsuite> <!-- RegressionTests -->
