<?xml version="1.0" encoding="UTF-8"?>
<testng-results skipped="0" failed="1" ignored="0" total="13" passed="12">
  <reporter-output>
  </reporter-output>
  <suite name="Test suite" duration-ms="0" started-at="2020-05-14T14:45:27Z" finished-at="2020-05-14T14:45:27Z">
    <groups>
    </groups>
  </suite> <!-- Test suite -->
  <suite name="Regression test suite" duration-ms="180281" started-at="2020-05-14T14:42:27Z" finished-at="2020-05-14T14:45:27Z">
    <groups>
    </groups>
    <test name="RegressionTests" duration-ms="180281" started-at="2020-05-14T14:42:27Z" finished-at="2020-05-14T14:45:27Z">
      <class name="tests.VerifyHeaderButtonsAreClickable">
        <test-method status="PASS" signature="setUp()[pri:0, instance:tests.VerifyHeaderButtonsAreClickable@2038ae61]" name="setUp" is-config="true" duration-ms="9332" started-at="2020-05-14T14:43:47Z" finished-at="2020-05-14T14:43:56Z">
          <reporter-output>
          </reporter-output>
        </test-method> <!-- setUp -->
        <test-method status="PASS" signature="testBasketPageIsDisplayed(java.lang.String)[pri:0, instance:tests.VerifyHeaderButtonsAreClickable@2038ae61]" name="testBasketPageIsDisplayed" duration-ms="9085" started-at="2020-05-14T14:43:56Z" finished-at="2020-05-14T14:44:05Z">
          <params>
            <param index="0">
              <value>
                <![CDATA[Корзина]]>
              </value>
            </param>
          </params>
          <reporter-output>
          </reporter-output>
        </test-method> <!-- testBasketPageIsDisplayed -->
        <test-method status="PASS" signature="testBookmarksPageIsDisplayed(java.lang.String)[pri:0, instance:tests.VerifyHeaderButtonsAreClickable@2038ae61]" name="testBookmarksPageIsDisplayed" duration-ms="6358" started-at="2020-05-14T14:44:05Z" finished-at="2020-05-14T14:44:12Z">
          <params>
            <param index="0">
              <value>
                <![CDATA[Закладки]]>
              </value>
            </param>
          </params>
          <reporter-output>
          </reporter-output>
        </test-method> <!-- testBookmarksPageIsDisplayed -->
        <test-method status="PASS" signature="testComparasionListPageIsDisplayed(java.lang.String)[pri:0, instance:tests.VerifyHeaderButtonsAreClickable@2038ae61]" name="testComparasionListPageIsDisplayed" duration-ms="5282" started-at="2020-05-14T14:44:12Z" finished-at="2020-05-14T14:44:17Z">
          <params>
            <param index="0">
              <value>
                <![CDATA[Сравнение товаров]]>
              </value>
            </param>
          </params>
          <reporter-output>
          </reporter-output>
        </test-method> <!-- testComparasionListPageIsDisplayed -->
        <test-method status="PASS" signature="testDeliveryPageIsDisplayed(java.lang.String)[pri:0, instance:tests.VerifyHeaderButtonsAreClickable@2038ae61]" name="testDeliveryPageIsDisplayed" duration-ms="3347" started-at="2020-05-14T14:44:17Z" finished-at="2020-05-14T14:44:20Z">
          <params>
            <param index="0">
              <value>
                <![CDATA[Доставка]]>
              </value>
            </param>
          </params>
          <reporter-output>
          </reporter-output>
        </test-method> <!-- testDeliveryPageIsDisplayed -->
        <test-method status="PASS" signature="testDiscountSystemPageIsDisplayed(java.lang.String)[pri:0, instance:tests.VerifyHeaderButtonsAreClickable@2038ae61]" name="testDiscountSystemPageIsDisplayed" duration-ms="4229" started-at="2020-05-14T14:44:20Z" finished-at="2020-05-14T14:44:25Z">
          <params>
            <param index="0">
              <value>
                <![CDATA[Система скидок]]>
              </value>
            </param>
          </params>
          <reporter-output>
          </reporter-output>
        </test-method> <!-- testDiscountSystemPageIsDisplayed -->
        <test-method status="PASS" signature="testLoginWindowIsDisplayed(java.lang.String)[pri:0, instance:tests.VerifyHeaderButtonsAreClickable@2038ae61]" name="testLoginWindowIsDisplayed" duration-ms="5466" started-at="2020-05-14T14:44:25Z" finished-at="2020-05-14T14:44:30Z">
          <params>
            <param index="0">
              <value>
                <![CDATA[Вход/регистрация]]>
              </value>
            </param>
          </params>
          <reporter-output>
          </reporter-output>
        </test-method> <!-- testLoginWindowIsDisplayed -->
        <test-method status="PASS" signature="testPaymentPageIsDisplayed(java.lang.String)[pri:0, instance:tests.VerifyHeaderButtonsAreClickable@2038ae61]" name="testPaymentPageIsDisplayed" duration-ms="3237" started-at="2020-05-14T14:44:30Z" finished-at="2020-05-14T14:44:33Z">
          <params>
            <param index="0">
              <value>
                <![CDATA[Оплата]]>
              </value>
            </param>
          </params>
          <reporter-output>
          </reporter-output>
        </test-method> <!-- testPaymentPageIsDisplayed -->
        <test-method status="PASS" signature="testWarrantyPageIsDisplayed(java.lang.String)[pri:0, instance:tests.VerifyHeaderButtonsAreClickable@2038ae61]" name="testWarrantyPageIsDisplayed" duration-ms="5851" started-at="2020-05-14T14:44:33Z" finished-at="2020-05-14T14:44:39Z">
          <params>
            <param index="0">
              <value>
                <![CDATA[Гарантия]]>
              </value>
            </param>
          </params>
          <reporter-output>
          </reporter-output>
        </test-method> <!-- testWarrantyPageIsDisplayed -->
        <test-method status="PASS" signature="testWishListPageIsDisplayed(java.lang.String)[pri:0, instance:tests.VerifyHeaderButtonsAreClickable@2038ae61]" name="testWishListPageIsDisplayed" duration-ms="4065" started-at="2020-05-14T14:44:39Z" finished-at="2020-05-14T14:44:43Z">
          <params>
            <param index="0">
              <value>
                <![CDATA[Закладки]]>
              </value>
            </param>
          </params>
          <reporter-output>
          </reporter-output>
        </test-method> <!-- testWishListPageIsDisplayed -->
        <test-method status="PASS" signature="closeDown()[pri:0, instance:tests.VerifyHeaderButtonsAreClickable@2038ae61]" name="closeDown" is-config="true" duration-ms="838" started-at="2020-05-14T14:44:43Z" finished-at="2020-05-14T14:44:44Z">
          <reporter-output>
          </reporter-output>
        </test-method> <!-- closeDown -->
      </class> <!-- tests.VerifyHeaderButtonsAreClickable -->
      <class name="tests.VerifyLoginFunctionality">
        <test-method status="PASS" signature="setUp()[pri:0, instance:tests.VerifyLoginFunctionality@617faa95]" name="setUp" is-config="true" duration-ms="12348" started-at="2020-05-14T14:42:27Z" finished-at="2020-05-14T14:42:39Z">
          <reporter-output>
          </reporter-output>
        </test-method> <!-- setUp -->
        <test-method status="FAIL" signature="testLoginOption(java.lang.String)[pri:0, instance:tests.VerifyLoginFunctionality@617faa95]" name="testLoginOption" duration-ms="15493" started-at="2020-05-14T14:42:39Z" finished-at="2020-05-14T14:42:55Z">
          <params>
            <param index="0">
              <value>
                <![CDATA[Вход/регистрация]]>
              </value>
            </param>
          </params>
          <exception class="org.openqa.selenium.NoSuchElementException">
            <message>
              <![CDATA[no such element: Unable to locate element: {"method":"xpath","selector":"//p[contains(text(),  'Подписка')]"}
  (Session info: chrome=81.0.4044.138)
For documentation on this error, please visit: https://www.seleniumhq.org/exceptions/no_such_element.html
Build info: version: '3.141.59', revision: 'e82be7d358', time: '2018-11-14T08:17:03'
System info: host: 'EPBYMINW3264', ip: '100.64.98.52', os.name: 'Windows 10', os.arch: 'amd64', os.version: '10.0', java.version: '1.8.0_201'
Driver info: org.openqa.selenium.chrome.ChromeDriver
Capabilities {acceptInsecureCerts: false, browserName: chrome, browserVersion: 81.0.4044.138, chrome: {chromedriverVersion: 80.0.3987.106 (f68069574609..., userDataDir: C:\Users\NASTAS~1\AppData\L...}, goog:chromeOptions: {debuggerAddress: localhost:58310}, javascriptEnabled: true, networkConnectionEnabled: false, pageLoadStrategy: normal, platform: WINDOWS, platformName: WINDOWS, proxy: Proxy(), setWindowRect: true, strictFileInteractability: false, timeouts: {implicit: 0, pageLoad: 300000, script: 30000}, unhandledPromptBehavior: dismiss and notify}
Session ID: 31280c22305ac6fdb40f68565fe9349e
*** Element info: {Using=xpath, value=//p[contains(text(),  'Подписка')]}]]>
            </message>
            <full-stacktrace>
              <![CDATA[org.openqa.selenium.NoSuchElementException: no such element: Unable to locate element: {"method":"xpath","selector":"//p[contains(text(),  'Подписка')]"}
  (Session info: chrome=81.0.4044.138)
For documentation on this error, please visit: https://www.seleniumhq.org/exceptions/no_such_element.html
Build info: version: '3.141.59', revision: 'e82be7d358', time: '2018-11-14T08:17:03'
System info: host: 'EPBYMINW3264', ip: '100.64.98.52', os.name: 'Windows 10', os.arch: 'amd64', os.version: '10.0', java.version: '1.8.0_201'
Driver info: org.openqa.selenium.chrome.ChromeDriver
Capabilities {acceptInsecureCerts: false, browserName: chrome, browserVersion: 81.0.4044.138, chrome: {chromedriverVersion: 80.0.3987.106 (f68069574609..., userDataDir: C:\Users\NASTAS~1\AppData\L...}, goog:chromeOptions: {debuggerAddress: localhost:58310}, javascriptEnabled: true, networkConnectionEnabled: false, pageLoadStrategy: normal, platform: WINDOWS, platformName: WINDOWS, proxy: Proxy(), setWindowRect: true, strictFileInteractability: false, timeouts: {implicit: 0, pageLoad: 300000, script: 30000}, unhandledPromptBehavior: dismiss and notify}
Session ID: 31280c22305ac6fdb40f68565fe9349e
*** Element info: {Using=xpath, value=//p[contains(text(),  'Подписка')]}
at sun.reflect.NativeConstructorAccessorImpl.newInstance0(Native Method)
at sun.reflect.NativeConstructorAccessorImpl.newInstance(NativeConstructorAccessorImpl.java:62)
at sun.reflect.DelegatingConstructorAccessorImpl.newInstance(DelegatingConstructorAccessorImpl.java:45)
at java.lang.reflect.Constructor.newInstance(Constructor.java:423)
at org.openqa.selenium.remote.http.W3CHttpResponseCodec.createException(W3CHttpResponseCodec.java:187)
at org.openqa.selenium.remote.http.W3CHttpResponseCodec.decode(W3CHttpResponseCodec.java:122)
at org.openqa.selenium.remote.http.W3CHttpResponseCodec.decode(W3CHttpResponseCodec.java:49)
at org.openqa.selenium.remote.HttpCommandExecutor.execute(HttpCommandExecutor.java:158)
at org.openqa.selenium.remote.service.DriverCommandExecutor.execute(DriverCommandExecutor.java:83)
at org.openqa.selenium.remote.RemoteWebDriver.execute(RemoteWebDriver.java:552)
at org.openqa.selenium.remote.RemoteWebDriver.findElement(RemoteWebDriver.java:323)
at org.openqa.selenium.remote.RemoteWebDriver.findElementByXPath(RemoteWebDriver.java:428)
at org.openqa.selenium.By$ByXPath.findElement(By.java:353)
at org.openqa.selenium.remote.RemoteWebDriver.findElement(RemoteWebDriver.java:315)
at pages.PersonalAreaPage.personalPageHeader(PersonalAreaPage.java:10)
at tests.VerifyLoginFunctionality.testLoginOption(VerifyLoginFunctionality.java:21)
at sun.reflect.NativeMethodAccessorImpl.invoke0(Native Method)
at sun.reflect.NativeMethodAccessorImpl.invoke(NativeMethodAccessorImpl.java:62)
at sun.reflect.DelegatingMethodAccessorImpl.invoke(DelegatingMethodAccessorImpl.java:43)
at java.lang.reflect.Method.invoke(Method.java:498)
at org.testng.internal.MethodInvocationHelper.invokeMethod(MethodInvocationHelper.java:124)
at org.testng.internal.Invoker.invokeMethod(Invoker.java:583)
at org.testng.internal.Invoker.invokeTestMethod(Invoker.java:719)
at org.testng.internal.Invoker.invokeTestMethods(Invoker.java:989)
at org.testng.internal.TestMethodWorker.invokeTestMethods(TestMethodWorker.java:125)
at org.testng.internal.TestMethodWorker.run(TestMethodWorker.java:109)
at org.testng.TestRunner.privateRun(TestRunner.java:648)
at org.testng.TestRunner.run(TestRunner.java:505)
at org.testng.SuiteRunner.runTest(SuiteRunner.java:455)
at org.testng.SuiteRunner.access$000(SuiteRunner.java:40)
at org.testng.SuiteRunner$SuiteWorker.run(SuiteRunner.java:489)
at org.testng.internal.thread.ThreadUtil$1.call(ThreadUtil.java:52)
at java.util.concurrent.FutureTask.run(FutureTask.java:266)
at java.util.concurrent.ThreadPoolExecutor.runWorker(ThreadPoolExecutor.java:1149)
at java.util.concurrent.ThreadPoolExecutor$Worker.run(ThreadPoolExecutor.java:624)
at java.lang.Thread.run(Thread.java:748)
]]>
            </full-stacktrace>
          </exception> <!-- org.openqa.selenium.NoSuchElementException -->
          <reporter-output>
          </reporter-output>
        </test-method> <!-- testLoginOption -->
        <test-method status="PASS" signature="closeDown()[pri:0, instance:tests.VerifyLoginFunctionality@617faa95]" name="closeDown" is-config="true" duration-ms="756" started-at="2020-05-14T14:42:55Z" finished-at="2020-05-14T14:42:56Z">
          <reporter-output>
          </reporter-output>
        </test-method> <!-- closeDown -->
      </class> <!-- tests.VerifyLoginFunctionality -->
      <class name="tests.VerifyProductAdditionToComparasionList">
        <test-method status="PASS" signature="setUp()[pri:0, instance:tests.VerifyProductAdditionToComparasionList@60c6f5b]" name="setUp" is-config="true" duration-ms="11038" started-at="2020-05-14T14:43:20Z" finished-at="2020-05-14T14:43:31Z">
          <reporter-output>
          </reporter-output>
        </test-method> <!-- setUp -->
        <test-method status="PASS" signature="testProductAdditionToTheList(java.lang.String)[pri:0, instance:tests.VerifyProductAdditionToComparasionList@60c6f5b]" name="testProductAdditionToTheList" duration-ms="15387" started-at="2020-05-14T14:43:31Z" finished-at="2020-05-14T14:43:46Z">
          <params>
            <param index="0">
              <value>
                <![CDATA[Сравнение товаров]]>
              </value>
            </param>
          </params>
          <reporter-output>
          </reporter-output>
        </test-method> <!-- testProductAdditionToTheList -->
        <test-method status="PASS" signature="closeDown()[pri:0, instance:tests.VerifyProductAdditionToComparasionList@60c6f5b]" name="closeDown" is-config="true" duration-ms="744" started-at="2020-05-14T14:43:46Z" finished-at="2020-05-14T14:43:47Z">
          <reporter-output>
          </reporter-output>
        </test-method> <!-- closeDown -->
      </class> <!-- tests.VerifyProductAdditionToComparasionList -->
      <class name="tests.VerifyProductIsAddedToCard">
        <test-method status="PASS" signature="setUp()[pri:0, instance:tests.VerifyProductIsAddedToCard@1e127982]" name="setUp" is-config="true" duration-ms="10171" started-at="2020-05-14T14:42:56Z" finished-at="2020-05-14T14:43:06Z">
          <reporter-output>
          </reporter-output>
        </test-method> <!-- setUp -->
        <test-method status="PASS" signature="testAdditionProductToCard()[pri:0, instance:tests.VerifyProductIsAddedToCard@1e127982]" name="testAdditionProductToCard" duration-ms="13049" started-at="2020-05-14T14:43:06Z" finished-at="2020-05-14T14:43:19Z">
          <reporter-output>
          </reporter-output>
        </test-method> <!-- testAdditionProductToCard -->
        <test-method status="PASS" signature="closeDown()[pri:0, instance:tests.VerifyProductIsAddedToCard@1e127982]" name="closeDown" is-config="true" duration-ms="791" started-at="2020-05-14T14:43:19Z" finished-at="2020-05-14T14:43:20Z">
          <reporter-output>
          </reporter-output>
        </test-method> <!-- closeDown -->
      </class> <!-- tests.VerifyProductIsAddedToCard -->
      <class name="tests.VerifyProductsCatalogOptions">
        <test-method status="PASS" signature="setUp()[pri:0, instance:tests.VerifyProductsCatalogOptions@3c0f93f1]" name="setUp" is-config="true" duration-ms="9481" started-at="2020-05-14T14:44:44Z" finished-at="2020-05-14T14:44:54Z">
          <reporter-output>
          </reporter-output>
        </test-method> <!-- setUp -->
        <test-method status="PASS" signature="testChooseProductFromCatalog(java.lang.String)[pri:0, instance:tests.VerifyProductsCatalogOptions@3c0f93f1]" name="testChooseProductFromCatalog" duration-ms="32332" started-at="2020-05-14T14:44:54Z" finished-at="2020-05-14T14:45:26Z">
          <params>
            <param index="0">
              <value>
                <![CDATA[Закладки]]>
              </value>
            </param>
          </params>
          <reporter-output>
          </reporter-output>
        </test-method> <!-- testChooseProductFromCatalog -->
        <test-method status="PASS" signature="closeDown()[pri:0, instance:tests.VerifyProductsCatalogOptions@3c0f93f1]" name="closeDown" is-config="true" duration-ms="986" started-at="2020-05-14T14:45:26Z" finished-at="2020-05-14T14:45:27Z">
          <reporter-output>
          </reporter-output>
        </test-method> <!-- closeDown -->
      </class> <!-- tests.VerifyProductsCatalogOptions -->
    </test> <!-- RegressionTests -->
  </suite> <!-- Regression test suite -->
</testng-results>
